<?xml version="1.0"?>
<Table name="test-and-measurement-equipment-function-generators" csv_file_name="test-and-measurement-equipment-function-generators.csv" url="https://www.digikey.com/products/en/test-and-measurement/equipment-function-generators/630"  title="Function Generators">
  <TableComments>
    <TableComment language="EN">
    </TableComment>
  </TableComments>
  <Parameters>
    <Parameter name="Datasheets" type="URL" csv="ï»¿Datasheets" csv_index="0">
      <ParameterComments>
        <ParameterComment language="EN" longHeading="Datasheets">
        </ParameterComment>
      </ParameterComments>
    </Parameter>
    <Parameter name="Image" type="URL" csv="Image" csv_index="1">
      <ParameterComments>
        <ParameterComment language="EN" longHeading="Image">
        </ParameterComment>
      </ParameterComments>
    </Parameter>
    <Parameter name="DigiKeyPartNumber" type="String" csv="Digi-Key Part Number" csv_index="2">
      <ParameterComments>
        <ParameterComment language="EN" longHeading="DigiKeyPartNumber">
        </ParameterComment>
      </ParameterComments>
    </Parameter>
    <Parameter name="ManufacturerPartNumber" type="String" csv="Manufacturer Part Number" csv_index="3">
      <ParameterComments>
        <ParameterComment language="EN" longHeading="ManufacturerPartNumber">
        </ParameterComment>
      </ParameterComments>
    </Parameter>
    <Parameter name="Manufacturer" type="String" csv="Manufacturer" csv_index="4">
      <ParameterComments>
        <ParameterComment language="EN" longHeading="Manufacturer">
        </ParameterComment>
      </ParameterComments>
    </Parameter>
    <Parameter name="Description" type="String" csv="Description" csv_index="5">
      <ParameterComments>
        <ParameterComment language="EN" longHeading="Description">
        </ParameterComment>
      </ParameterComments>
    </Parameter>
    <Parameter name="QuantityAvailable" type="Integer" csv="Quantity Available" csv_index="6">
      <ParameterComments>
        <ParameterComment language="EN" longHeading="QuantityAvailable">
        </ParameterComment>
      </ParameterComments>
    </Parameter>
    <Parameter name="FactoryStock" type="Integer" csv="Factory Stock" csv_index="7">
      <ParameterComments>
        <ParameterComment language="EN" longHeading="FactoryStock">
        </ParameterComment>
      </ParameterComments>
    </Parameter>
    <Parameter name="UnitPriceUSD" type="Float" csv="Unit Price (USD)" csv_index="8">
      <ParameterComments>
        <ParameterComment language="EN" longHeading="UnitPriceUSD">
        </ParameterComment>
      </ParameterComments>
    </Parameter>
    <Parameter name="Qty" type="Integer" csv="@ qty" csv_index="9">
      <ParameterComments>
        <ParameterComment language="EN" longHeading="Qty">
        </ParameterComment>
      </ParameterComments>
    </Parameter>
    <Parameter name="MinimumQuantity" type="Integer" csv="Minimum Quantity" csv_index="10">
      <ParameterComments>
        <ParameterComment language="EN" longHeading="MinimumQuantity">
        </ParameterComment>
      </ParameterComments>
    </Parameter>
    <Parameter name="Series" type="Integer" csv="Series" csv_index="11">
      <ParameterComments>
        <ParameterComment language="EN" longHeading="Series">
        </ParameterComment>
      </ParameterComments>
    </Parameter>
    <Parameter name="PartStatus" type="String" csv="Part Status" csv_index="12">
      <ParameterComments>
        <ParameterComment language="EN" longHeading="PartStatus">
        </ParameterComment>
      </ParameterComments>
    </Parameter>
    <Parameter name="Type" type="List" csv="Type" csv_index="13">
      <ParameterComments>
        <ParameterComment language="EN" longHeading="Type">
        </ParameterComment>
      </ParameterComments>
    </Parameter>
    <Parameter name="Function" type="List" csv="Function" csv_index="14">
      <ParameterComments>
        <ParameterComment language="EN" longHeading="Function">
        </ParameterComment>
      </ParameterComments>
    </Parameter>
    <Parameter name="NumberOfChannels" type="Integer" csv="Number of Channels" csv_index="15">
      <ParameterComments>
        <ParameterComment language="EN" longHeading="NumberOfChannels">
        </ParameterComment>
      </ParameterComments>
    </Parameter>
    <Parameter name="FrequencyMax" type="IUnits" csv="Frequency - Max" csv_index="16">
      <ParameterComments>
        <ParameterComment language="EN" longHeading="FrequencyMax">
        </ParameterComment>
      </ParameterComments>
    </Parameter>
    <Parameter name="SignalTypes" type="List" csv="Signal Types" csv_index="17">
      <ParameterComments>
        <ParameterComment language="EN" longHeading="SignalTypes">
        </ParameterComment>
      </ParameterComments>
    </Parameter>
    <Parameter name="DisplayType" type="String" csv="Display Type" csv_index="18">
      <ParameterComments>
        <ParameterComment language="EN" longHeading="DisplayType">
        </ParameterComment>
      </ParameterComments>
    </Parameter>
    <Parameter name="SupplyVoltage" type="Range" csv="Supply Voltage" csv_index="19">
      <ParameterComments>
        <ParameterComment language="EN" longHeading="SupplyVoltage">
        </ParameterComment>
      </ParameterComments>
    </Parameter>
  </Parameters>
</Table>
