<?xml version="1.0"?>
<Table name="test-and-measurement-test-leads-thermocouples-temperature-probes" csv_file_name="test-and-measurement-test-leads-thermocouples-temperature-probes.csv" url="https://www.digikey.com/products/en/test-and-measurement/test-leads-thermocouples-temperature-probes/621"  title="Thermocouples, Temperature Probes">
  <TableComments>
    <TableComment language="EN">
    </TableComment>
  </TableComments>
  <Parameters>
    <Parameter name="Datasheets" type="URL" csv="ï»¿Datasheets" csv_index="0">
      <ParameterComments>
        <ParameterComment language="EN" longHeading="Datasheets">
        </ParameterComment>
      </ParameterComments>
    </Parameter>
    <Parameter name="Image" type="Empty" csv="Image" csv_index="1">
      <ParameterComments>
        <ParameterComment language="EN" longHeading="Image">
        </ParameterComment>
      </ParameterComments>
    </Parameter>
    <Parameter name="DigiKeyPartNumber" type="String" csv="Digi-Key Part Number" csv_index="2">
      <ParameterComments>
        <ParameterComment language="EN" longHeading="DigiKeyPartNumber">
        </ParameterComment>
      </ParameterComments>
    </Parameter>
    <Parameter name="ManufacturerPartNumber" type="String" csv="Manufacturer Part Number" csv_index="3">
      <ParameterComments>
        <ParameterComment language="EN" longHeading="ManufacturerPartNumber">
        </ParameterComment>
      </ParameterComments>
    </Parameter>
    <Parameter name="Manufacturer" type="String" csv="Manufacturer" csv_index="4">
      <ParameterComments>
        <ParameterComment language="EN" longHeading="Manufacturer">
        </ParameterComment>
      </ParameterComments>
    </Parameter>
    <Parameter name="Description" type="String" csv="Description" csv_index="5">
      <ParameterComments>
        <ParameterComment language="EN" longHeading="Description">
        </ParameterComment>
      </ParameterComments>
    </Parameter>
    <Parameter name="QuantityAvailable" type="Integer" csv="Quantity Available" csv_index="6">
      <ParameterComments>
        <ParameterComment language="EN" longHeading="QuantityAvailable">
        </ParameterComment>
      </ParameterComments>
    </Parameter>
    <Parameter name="FactoryStock" type="Integer" csv="Factory Stock" csv_index="7">
      <ParameterComments>
        <ParameterComment language="EN" longHeading="FactoryStock">
        </ParameterComment>
      </ParameterComments>
    </Parameter>
    <Parameter name="UnitPriceUSD" type="Float" csv="Unit Price (USD)" csv_index="8">
      <ParameterComments>
        <ParameterComment language="EN" longHeading="UnitPriceUSD">
        </ParameterComment>
      </ParameterComments>
    </Parameter>
    <Parameter name="Qty" type="Integer" csv="@ qty" csv_index="9">
      <ParameterComments>
        <ParameterComment language="EN" longHeading="Qty">
        </ParameterComment>
      </ParameterComments>
    </Parameter>
    <Parameter name="MinimumQuantity" type="Integer" csv="Minimum Quantity" csv_index="10">
      <ParameterComments>
        <ParameterComment language="EN" longHeading="MinimumQuantity">
        </ParameterComment>
      </ParameterComments>
    </Parameter>
    <Parameter name="Series" type="Integer" csv="Series" csv_index="11">
      <ParameterComments>
        <ParameterComment language="EN" longHeading="Series">
        </ParameterComment>
      </ParameterComments>
    </Parameter>
    <Parameter name="PartStatus" type="String" csv="Part Status" csv_index="12">
      <ParameterComments>
        <ParameterComment language="EN" longHeading="PartStatus">
        </ParameterComment>
      </ParameterComments>
    </Parameter>
    <Parameter name="Type" type="String" csv="Type" csv_index="13">
      <ParameterComments>
        <ParameterComment language="EN" longHeading="Type">
        </ParameterComment>
      </ParameterComments>
    </Parameter>
    <Parameter name="Usage" type="List" csv="Usage" csv_index="14">
      <ParameterComments>
        <ParameterComment language="EN" longHeading="Usage">
        </ParameterComment>
      </ParameterComments>
    </Parameter>
    <Parameter name="TipType" type="List" csv="Tip - Type" csv_index="15">
      <ParameterComments>
        <ParameterComment language="EN" longHeading="TipType">
        </ParameterComment>
      </ParameterComments>
    </Parameter>
    <Parameter name="PlugType" type="Empty" csv="Plug Type" csv_index="16">
      <ParameterComments>
        <ParameterComment language="EN" longHeading="PlugType">
        </ParameterComment>
      </ParameterComments>
    </Parameter>
    <Parameter name="ProbeTemperatureRange" type="String" csv="Probe Temperature Range" csv_index="17">
      <ParameterComments>
        <ParameterComment language="EN" longHeading="ProbeTemperatureRange">
        </ParameterComment>
      </ParameterComments>
    </Parameter>
    <Parameter name="CableLength" type="String" csv="Cable Length" csv_index="18">
      <ParameterComments>
        <ParameterComment language="EN" longHeading="CableLength">
        </ParameterComment>
      </ParameterComments>
    </Parameter>
    <Parameter name="CableInsulation" type="String" csv="Cable Insulation" csv_index="19">
      <ParameterComments>
        <ParameterComment language="EN" longHeading="CableInsulation">
        </ParameterComment>
      </ParameterComments>
    </Parameter>
    <Parameter name="PlugColor" type="Empty" csv="Plug Color" csv_index="20">
      <ParameterComments>
        <ParameterComment language="EN" longHeading="PlugColor">
        </ParameterComment>
      </ParameterComments>
    </Parameter>
    <Parameter name="ProbeLength" type="String" csv="Probe Length" csv_index="21">
      <ParameterComments>
        <ParameterComment language="EN" longHeading="ProbeLength">
        </ParameterComment>
      </ParameterComments>
    </Parameter>
    <Parameter name="ProbeMaterial" type="String" csv="Probe Material" csv_index="22">
      <ParameterComments>
        <ParameterComment language="EN" longHeading="ProbeMaterial">
        </ParameterComment>
      </ParameterComments>
    </Parameter>
  </Parameters>
</Table>
