<?xml version="1.0"?>
<Table name="test-and-measurement-test-clips-alligator-crocodile-heavy-duty" csv_file_name="test-and-measurement-test-clips-alligator-crocodile-heavy-duty.csv" url="https://www.digikey.com/products/en/test-and-measurement/test-clips-alligator-crocodile-heavy-duty/623"  title="Alligator, Crocodile, Heavy Duty">
  <TableComments>
    <TableComment language="EN">
    </TableComment>
  </TableComments>
  <Parameters>
    <Parameter name="Datasheets" type="URL" csv="ï»¿Datasheets" csv_index="0">
      <ParameterComments>
        <ParameterComment language="EN" longHeading="Datasheets">
        </ParameterComment>
      </ParameterComments>
    </Parameter>
    <Parameter name="Image" type="URL" csv="Image" csv_index="1">
      <ParameterComments>
        <ParameterComment language="EN" longHeading="Image">
        </ParameterComment>
      </ParameterComments>
    </Parameter>
    <Parameter name="DigiKeyPartNumber" type="String" csv="Digi-Key Part Number" csv_index="2">
      <ParameterComments>
        <ParameterComment language="EN" longHeading="DigiKeyPartNumber">
        </ParameterComment>
      </ParameterComments>
    </Parameter>
    <Parameter name="ManufacturerPartNumber" type="String" csv="Manufacturer Part Number" csv_index="3">
      <ParameterComments>
        <ParameterComment language="EN" longHeading="ManufacturerPartNumber">
        </ParameterComment>
      </ParameterComments>
    </Parameter>
    <Parameter name="Manufacturer" type="String" csv="Manufacturer" csv_index="4">
      <ParameterComments>
        <ParameterComment language="EN" longHeading="Manufacturer">
        </ParameterComment>
      </ParameterComments>
    </Parameter>
    <Parameter name="Description" type="String" csv="Description" csv_index="5">
      <ParameterComments>
        <ParameterComment language="EN" longHeading="Description">
        </ParameterComment>
      </ParameterComments>
    </Parameter>
    <Parameter name="QuantityAvailable" type="Integer" csv="Quantity Available" csv_index="6">
      <ParameterComments>
        <ParameterComment language="EN" longHeading="QuantityAvailable">
        </ParameterComment>
      </ParameterComments>
    </Parameter>
    <Parameter name="FactoryStock" type="Integer" csv="Factory Stock" csv_index="7">
      <ParameterComments>
        <ParameterComment language="EN" longHeading="FactoryStock">
        </ParameterComment>
      </ParameterComments>
    </Parameter>
    <Parameter name="UnitPriceUSD" type="Float" csv="Unit Price (USD)" csv_index="8">
      <ParameterComments>
        <ParameterComment language="EN" longHeading="UnitPriceUSD">
        </ParameterComment>
      </ParameterComments>
    </Parameter>
    <Parameter name="Qty" type="Integer" csv="@ qty" csv_index="9">
      <ParameterComments>
        <ParameterComment language="EN" longHeading="Qty">
        </ParameterComment>
      </ParameterComments>
    </Parameter>
    <Parameter name="MinimumQuantity" type="Integer" csv="Minimum Quantity" csv_index="10">
      <ParameterComments>
        <ParameterComment language="EN" longHeading="MinimumQuantity">
        </ParameterComment>
      </ParameterComments>
    </Parameter>
    <Parameter name="Series" type="String" csv="Series" csv_index="11">
      <ParameterComments>
        <ParameterComment language="EN" longHeading="Series">
        </ParameterComment>
      </ParameterComments>
    </Parameter>
    <Parameter name="PartStatus" type="String" csv="Part Status" csv_index="12">
      <ParameterComments>
        <ParameterComment language="EN" longHeading="PartStatus">
        </ParameterComment>
      </ParameterComments>
    </Parameter>
    <Parameter name="Type" type="String" csv="Type" csv_index="13">
      <ParameterComments>
        <ParameterComment language="EN" longHeading="Type">
        </ParameterComment>
      </ParameterComments>
    </Parameter>
    <Parameter name="JawOpening" type="String" csv="Jaw Opening" csv_index="14">
      <ParameterComments>
        <ParameterComment language="EN" longHeading="JawOpening">
        </ParameterComment>
      </ParameterComments>
    </Parameter>
    <Parameter name="VoltageRated" type="Empty" csv="Voltage - Rated" csv_index="15">
      <ParameterComments>
        <ParameterComment language="EN" longHeading="VoltageRated">
        </ParameterComment>
      </ParameterComments>
    </Parameter>
    <Parameter name="CurrentRatingAmps" type="IUnits" csv="Current Rating (Amps)" csv_index="16">
      <ParameterComments>
        <ParameterComment language="EN" longHeading="CurrentRatingAmps">
        </ParameterComment>
      </ParameterComments>
    </Parameter>
    <Parameter name="Material" type="String" csv="Material" csv_index="17">
      <ParameterComments>
        <ParameterComment language="EN" longHeading="Material">
        </ParameterComment>
      </ParameterComments>
    </Parameter>
    <Parameter name="Plating" type="String" csv="Plating" csv_index="18">
      <ParameterComments>
        <ParameterComment language="EN" longHeading="Plating">
        </ParameterComment>
      </ParameterComments>
    </Parameter>
    <Parameter name="MaterialInsulation" type="String" csv="Material - Insulation" csv_index="19">
      <ParameterComments>
        <ParameterComment language="EN" longHeading="MaterialInsulation">
        </ParameterComment>
      </ParameterComments>
    </Parameter>
    <Parameter name="Insulation" type="String" csv="Insulation" csv_index="20">
      <ParameterComments>
        <ParameterComment language="EN" longHeading="Insulation">
        </ParameterComment>
      </ParameterComments>
    </Parameter>
    <Parameter name="Color" type="String" csv="Color" csv_index="21">
      <ParameterComments>
        <ParameterComment language="EN" longHeading="Color">
        </ParameterComment>
      </ParameterComments>
    </Parameter>
    <Parameter name="Length" type="String" csv="Length" csv_index="22">
      <ParameterComments>
        <ParameterComment language="EN" longHeading="Length">
        </ParameterComment>
      </ParameterComments>
    </Parameter>
    <Parameter name="Termination" type="String" csv="Termination" csv_index="23">
      <ParameterComments>
        <ParameterComment language="EN" longHeading="Termination">
        </ParameterComment>
      </ParameterComments>
    </Parameter>
    <Parameter name="Quantity" type="String" csv="Quantity" csv_index="24">
      <ParameterComments>
        <ParameterComment language="EN" longHeading="Quantity">
        </ParameterComment>
      </ParameterComments>
    </Parameter>
    <Parameter name="Ratings" type="Empty" csv="Ratings" csv_index="25">
      <ParameterComments>
        <ParameterComment language="EN" longHeading="Ratings">
        </ParameterComment>
      </ParameterComments>
    </Parameter>
  </Parameters>
</Table>
